<?xml version="1.0" encoding="UTF-8"?>
<!-- Generated by org.testng.reporters.JUnitReportReporter -->
<testsuite skipped="0" hostname="DESKTOP-I4QDLMG" name="com.test.TestClass" tests="1" failures="0" timestamp="21 Dec 2019 17:40:26 GMT" time="0.008" errors="0">
  <testcase name="Test" time="0.008" classname="com.test.TestClass"/>
</testsuite> <!-- com.test.TestClass -->
